<?xml version="1.0" encoding="UTF-8"?>
<!-- Generated by org.testng.reporters.JUnitXMLReporter -->
<testsuite hostname="Infva06562" name="Default test" tests="106" failures="1" timestamp="23 Aug 2018 09:36:56 GMT" time="368.876" errors="0">
  <testcase name="AddToCartTest" time="3.729" classname="scripts.AddProduct">
    <failure type="org.openqa.selenium.WebDriverException" message="unknown error: Element &amp;lt;a href=&amp;quot;#&amp;quot;&amp;gt;...&amp;lt;/a&amp;gt; is not clickable at point (160, 147). Other element would receive the click: &amp;lt;div class=&amp;quot;bg_overlay&amp;quot; id=&amp;quot;login_display&amp;quot; style=&amp;quot;display: block;&amp;quot;&amp;gt;...&amp;lt;/div&amp;gt;
  (Session info: chrome=67.0.3396.99)
  (Driver info: chromedriver=2.41.578737 (49da6702b16031c40d63e5618de03a32ff6c197e),platform=Windows NT 10.0.16299 x86_64) (WARNING: The server did not provide any stacktrace information)
Command duration or timeout: 53 milliseconds
Build info: version: &amp;apos;2.53.1&amp;apos;, revision: &amp;apos;a36b8b1&amp;apos;, time: &amp;apos;2016-06-30 17:37:03&amp;apos;
System info: host: &amp;apos;Infva06562&amp;apos;, ip: &amp;apos;192.168.100.54&amp;apos;, os.name: &amp;apos;Windows 10&amp;apos;, os.arch: &amp;apos;amd64&amp;apos;, os.version: &amp;apos;10.0&amp;apos;, java.version: &amp;apos;1.8.0_161&amp;apos;
Driver info: org.openqa.selenium.chrome.ChromeDriver
Capabilities [{mobileEmulationEnabled=false, hasTouchScreen=false, platform=XP, acceptSslCerts=false, goog:chromeOptions={debuggerAddress=localhost:61123}, acceptInsecureCerts=false, webStorageEnabled=true, browserName=chrome, takesScreenshot=true, javascriptEnabled=true, setWindowRect=true, unexpectedAlertBehaviour=, applicationCacheEnabled=false, rotatable=false, networkConnectionEnabled=false, chrome={chromedriverVersion=2.41.578737 (49da6702b16031c40d63e5618de03a32ff6c197e), userDataDir=C:\Users\vshadmin\AppData\Local\Temp\scoped_dir19184_27826}, takesHeapSnapshot=true, pageLoadStrategy=normal, databaseEnabled=false, handlesAlerts=true, version=67.0.3396.99, browserConnectionEnabled=false, nativeEvents=true, locationContextEnabled=true, cssSelectorsEnabled=true}]
Session ID: 3dde8cb84ccd2df1f5db3d45bb9361d5">
      <![CDATA[org.openqa.selenium.WebDriverException: unknown error: Element <a href="#">...</a> is not clickable at point (160, 147). Other element would receive the click: <div class="bg_overlay" id="login_display" style="display: block;">...</div>
  (Session info: chrome=67.0.3396.99)
  (Driver info: chromedriver=2.41.578737 (49da6702b16031c40d63e5618de03a32ff6c197e),platform=Windows NT 10.0.16299 x86_64) (WARNING: The server did not provide any stacktrace information)
Command duration or timeout: 53 milliseconds
Build info: version: '2.53.1', revision: 'a36b8b1', time: '2016-06-30 17:37:03'
System info: host: 'Infva06562', ip: '192.168.100.54', os.name: 'Windows 10', os.arch: 'amd64', os.version: '10.0', java.version: '1.8.0_161'
Driver info: org.openqa.selenium.chrome.ChromeDriver
Capabilities [{mobileEmulationEnabled=false, hasTouchScreen=false, platform=XP, acceptSslCerts=false, goog:chromeOptions={debuggerAddress=localhost:61123}, acceptInsecureCerts=false, webStorageEnabled=true, browserName=chrome, takesScreenshot=true, javascriptEnabled=true, setWindowRect=true, unexpectedAlertBehaviour=, applicationCacheEnabled=false, rotatable=false, networkConnectionEnabled=false, chrome={chromedriverVersion=2.41.578737 (49da6702b16031c40d63e5618de03a32ff6c197e), userDataDir=C:\Users\vshadmin\AppData\Local\Temp\scoped_dir19184_27826}, takesHeapSnapshot=true, pageLoadStrategy=normal, databaseEnabled=false, handlesAlerts=true, version=67.0.3396.99, browserConnectionEnabled=false, nativeEvents=true, locationContextEnabled=true, cssSelectorsEnabled=true}]
Session ID: 3dde8cb84ccd2df1f5db3d45bb9361d5
	at sun.reflect.NativeConstructorAccessorImpl.newInstance0(Native Method)
	at sun.reflect.NativeConstructorAccessorImpl.newInstance(Unknown Source)
	at sun.reflect.DelegatingConstructorAccessorImpl.newInstance(Unknown Source)
	at java.lang.reflect.Constructor.newInstance(Unknown Source)
	at org.openqa.selenium.remote.ErrorHandler.createThrowable(ErrorHandler.java:206)
	at org.openqa.selenium.remote.ErrorHandler.throwIfResponseFailed(ErrorHandler.java:158)
	at org.openqa.selenium.remote.RemoteWebDriver.execute(RemoteWebDriver.java:678)
	at org.openqa.selenium.remote.RemoteWebElement.execute(RemoteWebElement.java:327)
	at org.openqa.selenium.remote.RemoteWebElement.click(RemoteWebElement.java:85)
	at scripts.AddProduct.AddToCartTest(AddProduct.java:91)
	at sun.reflect.NativeMethodAccessorImpl.invoke0(Native Method)
	at sun.reflect.NativeMethodAccessorImpl.invoke(Unknown Source)
	at sun.reflect.DelegatingMethodAccessorImpl.invoke(Unknown Source)
	at java.lang.reflect.Method.invoke(Unknown Source)
	at org.testng.internal.MethodInvocationHelper.invokeMethod(MethodInvocationHelper.java:85)
	at org.testng.internal.Invoker.invokeMethod(Invoker.java:639)
	at org.testng.internal.Invoker.invokeTestMethod(Invoker.java:816)
	at org.testng.internal.Invoker.invokeTestMethods(Invoker.java:1124)
	at org.testng.internal.TestMethodWorker.invokeTestMethods(TestMethodWorker.java:125)
	at org.testng.internal.TestMethodWorker.run(TestMethodWorker.java:108)
	at org.testng.TestRunner.privateRun(TestRunner.java:774)
	at org.testng.TestRunner.run(TestRunner.java:624)
	at org.testng.SuiteRunner.runTest(SuiteRunner.java:359)
	at org.testng.SuiteRunner.runSequentially(SuiteRunner.java:354)
	at org.testng.SuiteRunner.privateRun(SuiteRunner.java:312)
	at org.testng.SuiteRunner.run(SuiteRunner.java:261)
	at org.testng.SuiteRunnerWorker.runSuite(SuiteRunnerWorker.java:52)
	at org.testng.SuiteRunnerWorker.run(SuiteRunnerWorker.java:86)
	at org.testng.TestNG.runSuitesSequentially(TestNG.java:1215)
	at org.testng.TestNG.runSuitesLocally(TestNG.java:1140)
	at org.testng.TestNG.run(TestNG.java:1048)
	at org.testng.remote.AbstractRemoteTestNG.run(AbstractRemoteTestNG.java:114)
	at org.testng.remote.RemoteTestNG.initAndRun(RemoteTestNG.java:251)
	at org.testng.remote.RemoteTestNG.main(RemoteTestNG.java:77)
]]>
    </failure>
  </testcase> <!-- AddToCartTest -->
  <testcase name="AddToCartTest" time="2.566" classname="scripts.AddProduct"/>
  <testcase name="AddToCartTest" time="2.191" classname="scripts.AddProduct"/>
  <testcase name="AddToCartTest" time="2.156" classname="scripts.AddProduct"/>
  <testcase name="AddToCartTest" time="2.542" classname="scripts.AddProduct"/>
  <testcase name="AddToCartTest" time="2.145" classname="scripts.AddProduct"/>
  <testcase name="AddToCartTest" time="2.204" classname="scripts.AddProduct"/>
  <testcase name="AddToCartTest" time="2.02" classname="scripts.AddProduct"/>
  <testcase name="AddToCartTest" time="1.977" classname="scripts.AddProduct"/>
  <testcase name="AddToCartTest" time="2.013" classname="scripts.AddProduct"/>
  <testcase name="AddToCartTest" time="2.233" classname="scripts.AddProduct"/>
  <testcase name="AddToCartTest" time="1.985" classname="scripts.AddProduct"/>
  <testcase name="AddToCartTest" time="4.869" classname="scripts.AddProduct"/>
  <testcase name="AddToCartTest" time="4.417" classname="scripts.AddProduct"/>
  <testcase name="AddToCartTest" time="4.425" classname="scripts.AddProduct"/>
  <testcase name="AddToCartTest" time="1.99" classname="scripts.AddProduct"/>
  <testcase name="AddToCartTest" time="2.293" classname="scripts.AddProduct"/>
  <testcase name="AddToCartTest" time="4.363" classname="scripts.AddProduct"/>
  <testcase name="AddToCartTest" time="4.42" classname="scripts.AddProduct"/>
  <testcase name="AddToCartTest" time="2.234" classname="scripts.AddProduct"/>
  <testcase name="AddToCartTest" time="1.981" classname="scripts.AddProduct"/>
  <testcase name="AddToCartTest" time="2.044" classname="scripts.AddProduct"/>
  <testcase name="AddToCartTest" time="2.245" classname="scripts.AddProduct"/>
  <testcase name="AddToCartTest" time="2.373" classname="scripts.AddProduct"/>
  <testcase name="AddToCartTest" time="2.037" classname="scripts.AddProduct"/>
  <testcase name="AddToCartTest" time="2.345" classname="scripts.AddProduct"/>
  <testcase name="AddToCartTest" time="2.251" classname="scripts.AddProduct"/>
  <testcase name="AddToCartTest" time="2.356" classname="scripts.AddProduct"/>
  <testcase name="AddToCartTest" time="1.952" classname="scripts.AddProduct"/>
  <testcase name="AddToCartTest" time="2.298" classname="scripts.AddProduct"/>
  <testcase name="AddToCartTest" time="2.041" classname="scripts.AddProduct"/>
  <testcase name="AddToCartTest" time="1.927" classname="scripts.AddProduct"/>
  <testcase name="AddToCartTest" time="4.599" classname="scripts.AddProduct"/>
  <testcase name="AddToCartTest" time="4.34" classname="scripts.AddProduct"/>
  <testcase name="AddToCartTest" time="4.398" classname="scripts.AddProduct"/>
  <testcase name="AddToCartTest" time="4.416" classname="scripts.AddProduct"/>
  <testcase name="AddToCartTest" time="2.027" classname="scripts.AddProduct"/>
  <testcase name="AddToCartTest" time="1.935" classname="scripts.AddProduct"/>
  <testcase name="AddToCartTest" time="2.282" classname="scripts.AddProduct"/>
  <testcase name="AddToCartTest" time="1.936" classname="scripts.AddProduct"/>
  <testcase name="AddToCartTest" time="4.392" classname="scripts.AddProduct"/>
  <testcase name="AddToCartTest" time="4.445" classname="scripts.AddProduct"/>
  <testcase name="AddToCartTest" time="2.324" classname="scripts.AddProduct"/>
  <testcase name="AddToCartTest" time="2.004" classname="scripts.AddProduct"/>
  <testcase name="AddToCartTest" time="4.35" classname="scripts.AddProduct"/>
  <testcase name="AddToCartTest" time="2.111" classname="scripts.AddProduct"/>
  <testcase name="AddToCartTest" time="2.447" classname="scripts.AddProduct"/>
  <testcase name="AddToCartTest" time="2.051" classname="scripts.AddProduct"/>
  <testcase name="AddToCartTest" time="2.309" classname="scripts.AddProduct"/>
  <testcase name="AddToCartTest" time="2.004" classname="scripts.AddProduct"/>
  <testcase name="AddToCartTest" time="2.209" classname="scripts.AddProduct"/>
  <testcase name="AddToCartTest" time="2.287" classname="scripts.AddProduct"/>
  <testcase name="AddToCartTest" time="1.93" classname="scripts.AddProduct"/>
  <testcase name="AddToCartTest" time="2.312" classname="scripts.AddProduct"/>
  <testcase name="AddToCartTest" time="5.008" classname="scripts.AddProduct"/>
  <testcase name="AddToCartTest" time="4.406" classname="scripts.AddProduct"/>
  <testcase name="AddToCartTest" time="4.39" classname="scripts.AddProduct"/>
  <testcase name="AddToCartTest" time="4.451" classname="scripts.AddProduct"/>
  <testcase name="AddToCartTest" time="4.445" classname="scripts.AddProduct"/>
  <testcase name="AddToCartTest" time="4.644" classname="scripts.AddProduct"/>
  <testcase name="AddToCartTest" time="4.419" classname="scripts.AddProduct"/>
  <testcase name="AddToCartTest" time="4.411" classname="scripts.AddProduct"/>
  <testcase name="AddToCartTest" time="4.379" classname="scripts.AddProduct"/>
  <testcase name="AddToCartTest" time="2.949" classname="scripts.AddProduct"/>
  <testcase name="AddToCartTest" time="2.024" classname="scripts.AddProduct"/>
  <testcase name="AddToCartTest" time="4.335" classname="scripts.AddProduct"/>
  <testcase name="AddToCartTest" time="4.426" classname="scripts.AddProduct"/>
  <testcase name="AddToCartTest" time="4.482" classname="scripts.AddProduct"/>
  <testcase name="AddToCartTest" time="4.465" classname="scripts.AddProduct"/>
  <testcase name="AddToCartTest" time="4.409" classname="scripts.AddProduct"/>
  <testcase name="AddToCartTest" time="4.416" classname="scripts.AddProduct"/>
  <testcase name="AddToCartTest" time="4.501" classname="scripts.AddProduct"/>
  <testcase name="AddToCartTest" time="4.348" classname="scripts.AddProduct"/>
  <testcase name="AddToCartTest" time="4.391" classname="scripts.AddProduct"/>
  <testcase name="AddToCartTest" time="4.438" classname="scripts.AddProduct"/>
  <testcase name="AddToCartTest" time="4.404" classname="scripts.AddProduct"/>
  <testcase name="AddToCartTest" time="4.695" classname="scripts.AddProduct"/>
  <testcase name="AddToCartTest" time="4.49" classname="scripts.AddProduct"/>
  <testcase name="AddToCartTest" time="4.314" classname="scripts.AddProduct"/>
  <testcase name="AddToCartTest" time="4.362" classname="scripts.AddProduct"/>
  <testcase name="AddToCartTest" time="4.274" classname="scripts.AddProduct"/>
  <testcase name="AddToCartTest" time="4.349" classname="scripts.AddProduct"/>
  <testcase name="AddToCartTest" time="4.403" classname="scripts.AddProduct"/>
  <testcase name="AddToCartTest" time="4.396" classname="scripts.AddProduct"/>
  <testcase name="AddToCartTest" time="4.682" classname="scripts.AddProduct"/>
  <testcase name="AddToCartTest" time="4.572" classname="scripts.AddProduct"/>
  <testcase name="AddToCartTest" time="4.475" classname="scripts.AddProduct"/>
  <testcase name="AddToCartTest" time="4.441" classname="scripts.AddProduct"/>
  <testcase name="AddToCartTest" time="4.384" classname="scripts.AddProduct"/>
  <testcase name="AddToCartTest" time="4.427" classname="scripts.AddProduct"/>
  <testcase name="AddToCartTest" time="4.418" classname="scripts.AddProduct"/>
  <testcase name="AddToCartTest" time="2.007" classname="scripts.AddProduct"/>
  <testcase name="AddToCartTest" time="2.118" classname="scripts.AddProduct"/>
  <testcase name="AddToCartTest" time="4.337" classname="scripts.AddProduct"/>
  <testcase name="AddToCartTest" time="4.409" classname="scripts.AddProduct"/>
  <testcase name="AddToCartTest" time="4.275" classname="scripts.AddProduct"/>
  <testcase name="AddToCartTest" time="4.403" classname="scripts.AddProduct"/>
  <testcase name="AddToCartTest" time="4.463" classname="scripts.AddProduct"/>
  <testcase name="AddToCartTest" time="4.689" classname="scripts.AddProduct"/>
  <testcase name="AddToCartTest" time="4.323" classname="scripts.AddProduct"/>
  <testcase name="AddToCartTest" time="4.412" classname="scripts.AddProduct"/>
  <testcase name="AddToCartTest" time="4.368" classname="scripts.AddProduct"/>
  <testcase name="AddToCartTest" time="4.599" classname="scripts.AddProduct"/>
  <testcase name="AddToCartTest" time="4.361" classname="scripts.AddProduct"/>
  <testcase name="AddToCartTest" time="4.352" classname="scripts.AddProduct"/>
  <testcase name="Login" time="0.765" classname="scripts.AddProduct"/>
</testsuite> <!-- Default test -->
